<?xml version="1.0" encoding="UTF-8"?>
<testng-results skipped="0" failed="0" ignored="0" total="3" passed="3">
  <reporter-output>
  </reporter-output>
  <suite name="Default suite" duration-ms="90233" started-at="2020-12-14T23:52:44 AEDT" finished-at="2020-12-14T23:54:15 AEDT">
    <groups>
    </groups>
    <test name="Default test" duration-ms="90233" started-at="2020-12-14T23:52:44 AEDT" finished-at="2020-12-14T23:54:15 AEDT">
      <class name="com.appium.test.NewTest">
        <test-method status="PASS" signature="beforeClass()[pri:0, instance:com.appium.test.NewTest@9a7504c]" name="beforeClass" is-config="true" duration-ms="18111" started-at="2020-12-14T23:52:44 AEDT" finished-at="2020-12-14T23:53:03 AEDT">
          <reporter-output>
          </reporter-output>
        </test-method> <!-- beforeClass -->
        <test-method status="PASS" signature="validateLogin()[pri:1, instance:com.appium.test.NewTest@9a7504c]" name="validateLogin" duration-ms="32277" started-at="2020-12-14T23:53:03 AEDT" finished-at="2020-12-14T23:53:35 AEDT">
          <reporter-output>
          </reporter-output>
        </test-method> <!-- validateLogin -->
        <test-method status="PASS" signature="searchProduct()[pri:2, instance:com.appium.test.NewTest@9a7504c]" name="searchProduct" duration-ms="21545" started-at="2020-12-14T23:53:35 AEDT" finished-at="2020-12-14T23:53:56 AEDT">
          <reporter-output>
          </reporter-output>
        </test-method> <!-- searchProduct -->
        <test-method status="PASS" signature="selectProduct()[pri:3, instance:com.appium.test.NewTest@9a7504c]" name="selectProduct" duration-ms="18249" started-at="2020-12-14T23:53:56 AEDT" finished-at="2020-12-14T23:54:15 AEDT">
          <reporter-output>
          </reporter-output>
        </test-method> <!-- selectProduct -->
      </class> <!-- com.appium.test.NewTest -->
    </test> <!-- Default test -->
  </suite> <!-- Default suite -->
</testng-results>
