<?xml version="1.0" encoding="UTF-8"?>
<!-- Generated by org.testng.reporters.JUnitXMLReporter -->
<testsuite hostname="CND143HVYW" ignored="0" name="Default test" tests="3" failures="0" timestamp="2020-12-14T23:54:15 AEDT" time="90.233" errors="0">
  <testcase name="validateLogin" time="32.277" classname="com.appium.test.NewTest"/>
  <testcase name="searchProduct" time="21.545" classname="com.appium.test.NewTest"/>
  <testcase name="selectProduct" time="18.249" classname="com.appium.test.NewTest"/>
</testsuite> <!-- Default test -->
